10:59:58 | INFO    | nepal_thrift | Database migration complete.
10:59:59 | INFO    | nepal_thrift | Nepal Thrift initialized (env=development)
 * Serving Flask app 'app'
 * Debug mode: on
11:00:01 | INFO    | nepal_thrift | Database migration complete.
11:00:03 | INFO    | nepal_thrift | Nepal Thrift initialized (env=development)
11:03:22 | INFO    | nepal_thrift | Database migration complete.
11:03:24 | INFO    | nepal_thrift | Nepal Thrift initialized (env=development)
11:03:30 | INFO    | nepal_thrift | Database migration complete.
11:03:31 | INFO    | nepal_thrift | Nepal Thrift initialized (env=development)
11:03:40 | INFO    | nepal_thrift | Database migration complete.
11:03:41 | INFO    | nepal_thrift | Nepal Thrift initialized (env=development)
11:09:34 | INFO    | nepal_thrift | GET / -> 200 (6.7ms) [trace=790b30e454fe]
11:09:37 | INFO    | nepal_thrift | GET /favicon.ico -> 404 (0.4ms) [trace=3f662aadb5e0]
11:09:46 | INFO    | nepal_thrift | GET /shop -> 200 (58.0ms) [trace=e2561257e6b1]
11:09:47 | INFO    | nepal_thrift | GET /api/auth/status -> 200 (0.3ms) [trace=48d85ccbc54b]
11:09:47 | INFO    | nepal_thrift | GET /api/cart -> 200 (0.3ms) [trace=f4a2db61701e]
11:10:26 | INFO    | nepal_thrift | POST /api/cart/add -> 200 (4.3ms) [trace=d263831e62fd]
11:12:32 | INFO    | nepal_thrift | GET /api/v1/products -> 200 (12.5ms) [trace=3661284d25b2]
11:12:33 | INFO    | nepal_thrift | GET /api/v1/products -> 200 (13.5ms) [trace=1ffcca3e5c09]
11:12:34 | INFO    | nepal_thrift | GET /api/v1/products -> 200 (8.0ms) [trace=1de675b1cdc3]
11:12:35 | INFO    | nepal_thrift | GET /api/v1/products -> 200 (17.7ms) [trace=704028f8a150]
11:12:35 | INFO    | nepal_thrift | GET /api/v1/products -> 200 (10.1ms) [trace=e0128599f34b]
11:12:36 | INFO    | nepal_thrift | GET /api/v1/products -> 200 (7.4ms) [trace=339ddcc781da]
11:12:37 | INFO    | nepal_thrift | GET /api/v1/products -> 200 (0.4ms) [trace=fa62448a4fe1]
11:12:38 | INFO    | nepal_thrift | GET /api/v1/products -> 200 (6.0ms) [trace=bf992eab6994]
11:12:39 | INFO    | nepal_thrift | GET /api/v1/products -> 200 (0.4ms) [trace=4640b0fb0b89]
11:12:43 | INFO    | nepal_thrift | GET /api/v1/products -> 200 (5.1ms) [trace=6ea5c72ac557]
11:12:55 | INFO    | nepal_thrift | Try-on attempt with engine=composite

============================================================
FREE VIRTUAL TRY-ON (No Paid APIs)
============================================================
[Step 1] Loading mannequin...
[Free Virtual Try-On] Error: 'charmap' codec can't encode character '\u2192' in position 2: character maps to <undefined>
11:12:56 | INFO    | nepal_thrift | POST /api/ai/tryon/compose -> 200 (404.0ms) [trace=a27b7973819a]
11:13:48 | INFO    | nepal_thrift | GET /shop -> 200 (66.5ms) [trace=0368365342cc]
11:13:48 | INFO    | nepal_thrift | GET /api/auth/status -> 200 (0.2ms) [trace=2b00da24a820]
11:13:48 | INFO    | nepal_thrift | GET /api/cart -> 200 (0.3ms) [trace=f0112ba2c88e]
11:13:54 | INFO    | nepal_thrift | GET /shop -> 200 (22.8ms) [trace=324620511021]
11:13:54 | INFO    | nepal_thrift | GET /api/auth/status -> 200 (0.4ms) [trace=0197d640d4a6]
11:13:54 | INFO    | nepal_thrift | GET /api/cart -> 200 (1.5ms) [trace=92e44b23b544]
11:14:15 | INFO    | nepal_thrift | Try-on attempt with engine=composite

============================================================
FREE VIRTUAL TRY-ON (No Paid APIs)
============================================================
[Step 1] Loading mannequin...
[Free Virtual Try-On] Error: 'charmap' codec can't encode character '\u2192' in position 2: character maps to <undefined>
11:14:15 | INFO    | nepal_thrift | POST /api/ai/tryon/compose -> 200 (79.0ms) [trace=8aa830f95da3]
11:14:39 | INFO    | nepal_thrift | Try-on attempt with engine=composite

============================================================
FREE VIRTUAL TRY-ON (No Paid APIs)
============================================================
[Step 1] Loading mannequin...
[Free Virtual Try-On] Error: 'charmap' codec can't encode character '\u2192' in position 2: character maps to <undefined>
11:14:39 | INFO    | nepal_thrift | POST /api/ai/tryon/compose -> 200 (62.8ms) [trace=4c812a6a7705]
11:15:10 | INFO    | nepal_thrift | POST /api/outfit/suggest -> 200 (5.3ms) [trace=34dada532d43]
11:15:11 | INFO    | nepal_thrift | POST /api/outfit/suggest -> 200 (4.8ms) [trace=f60392cad11b]
11:15:23 | INFO    | nepal_thrift | POST /api/ai/tryon/feedback -> 200 (14.3ms) [trace=c28fc952b757]
11:16:12 | INFO    | nepal_thrift | GET /shop -> 200 (8.9ms) [trace=59f2f92e785d]
11:16:12 | INFO    | nepal_thrift | GET /api/auth/status -> 200 (0.6ms) [trace=d42263462d04]
11:16:12 | INFO    | nepal_thrift | GET /api/cart -> 200 (0.3ms) [trace=0b69d5a4ffa3]
11:16:15 | INFO    | nepal_thrift | GET /shop -> 200 (13.5ms) [trace=11973e6d1e65]
11:16:15 | INFO    | nepal_thrift | GET /api/cart -> 200 (0.3ms) [trace=13bac90b87ab]
11:16:15 | INFO    | nepal_thrift | GET /api/auth/status -> 200 (0.3ms) [trace=5bd1782a10c4]
11:16:47 | INFO    | nepal_thrift | POST /api/auth/login -> 200 (221.3ms) [trace=51894f7ffbbf]
11:16:47 | INFO    | nepal_thrift | GET /api/cart -> 200 (14.4ms) [trace=55aa15d968db]
11:17:02 | INFO    | nepal_thrift | GET /shop -> 200 (18.9ms) [trace=9e99ebbada46]
11:17:02 | INFO    | nepal_thrift | GET /api/auth/status -> 200 (11.6ms) [trace=c2599f6d3dbe]
11:17:03 | INFO    | nepal_thrift | GET /api/cart -> 200 (25.0ms) [trace=bb50bff48be1]
11:17:27 | INFO    | nepal_thrift | GET /size-chart -> 200 (2.8ms) [trace=72ef5b81fba4]
11:17:30 | INFO    | nepal_thrift | GET /mirror -> 200 (23.6ms) [trace=3047042f11f2]
11:17:30 | INFO    | nepal_thrift | GET /api/auth/status -> 200 (17.0ms) [trace=430fc8ce24b7]
11:17:30 | INFO    | nepal_thrift | GET /api/cart -> 200 (19.0ms) [trace=21d599e4b799]
11:17:44 | INFO    | nepal_thrift | GET /shop -> 200 (30.5ms) [trace=c0d408e1bca1]
11:17:44 | INFO    | nepal_thrift | GET /api/auth/status -> 200 (8.7ms) [trace=9934a74f8824]
11:17:44 | INFO    | nepal_thrift | GET /api/cart -> 200 (13.6ms) [trace=278a4aa68063]
11:19:13 | INFO    | nepal_thrift | GET /admin/login -> 200 (5.6ms) [trace=c1978dd25bfd]
11:19:25 | INFO    | nepal_thrift | POST /admin/login -> 302 (228.7ms) [trace=0cbe2f962ab3]
11:19:26 | INFO    | nepal_thrift | GET /admin -> 200 (37.4ms) [trace=7b358873e94a]
11:19:41 | INFO    | nepal_thrift | GET /edit-product/3 -> 200 (26.8ms) [trace=51f870e66ea6]
11:20:53 | INFO    | nepal_thrift | AppError: Unsupported image type '.avif'. Allowed: jpg, jpeg, png, webp, gif (422)
11:20:53 | INFO    | nepal_thrift | POST /update-product/3 -> 422 (4.6ms) [trace=32ea37970702]
11:21:52 | INFO    | nepal_thrift | AppError: Unsupported image type '.avif'. Allowed: jpg, jpeg, png, webp, gif (422)
11:21:52 | INFO    | nepal_thrift | POST /update-product/3 -> 422 (4.1ms) [trace=37fbe86d27aa]
11:21:57 | INFO    | nepal_thrift | AppError: Unsupported image type '.avif'. Allowed: jpg, jpeg, png, webp, gif (422)
11:21:57 | INFO    | nepal_thrift | POST /update-product/3 -> 422 (10.4ms) [trace=1d179bbbb1d6]
11:22:07 | INFO    | nepal_thrift | Stored product image 33e79e42ede1405e81584a81994fbc52 (original/opt/thumb)
11:22:07 | INFO    | nepal_thrift | POST /update-product/3 -> 302 (98.2ms) [trace=0db1e95e822f]
11:22:07 | INFO    | nepal_thrift | GET /admin -> 200 (5.4ms) [trace=84451a4922fc]
11:22:17 | INFO    | nepal_thrift | GET /shop -> 200 (16.0ms) [trace=898d18663b49]
11:22:17 | INFO    | nepal_thrift | GET /api/auth/status -> 200 (6.3ms) [trace=d40e4719afbf]
11:22:17 | INFO    | nepal_thrift | GET /api/cart -> 200 (9.5ms) [trace=bddc5ddee2ae]
11:23:18 | INFO    | nepal_thrift | POST /api/auth/logout -> 200 (0.2ms) [trace=5cbbc2f37f5f]
11:23:18 | INFO    | nepal_thrift | GET /shop -> 200 (8.1ms) [trace=49e6cdd86f04]
11:23:18 | INFO    | nepal_thrift | GET /api/auth/status -> 200 (0.3ms) [trace=a7a0d53c2f94]
11:23:18 | INFO    | nepal_thrift | GET /api/cart -> 200 (0.2ms) [trace=23ab4c8357a4]
11:25:06 | INFO    | nepal_thrift | GET /shop -> 200 (8.5ms) [trace=6bdeeb41bd3a]
11:25:06 | INFO    | nepal_thrift | GET /api/auth/status -> 200 (0.3ms) [trace=fd0a6e3e87ec]
11:25:06 | INFO    | nepal_thrift | GET /api/cart -> 200 (0.2ms) [trace=5755686815ce]
11:25:45 | INFO    | nepal_thrift | Try-on attempt with engine=composite

============================================================
FREE VIRTUAL TRY-ON (No Paid APIs)
============================================================
[Step 1] Loading mannequin...
[Free Virtual Try-On] Error: 'charmap' codec can't encode character '\u2192' in position 2: character maps to <undefined>
11:25:45 | INFO    | nepal_thrift | POST /api/ai/tryon/compose -> 200 (75.6ms) [trace=6a1ae3aec59d]
11:25:46 | INFO    | nepal_thrift | Try-on attempt with engine=composite

============================================================
FREE VIRTUAL TRY-ON (No Paid APIs)
============================================================
[Step 1] Loading mannequin...
[Free Virtual Try-On] Error: 'charmap' codec can't encode character '\u2192' in position 2: character maps to <undefined>
11:25:46 | INFO    | nepal_thrift | POST /api/ai/tryon/compose -> 200 (75.6ms) [trace=2abab5f1826d]
11:25:48 | INFO    | nepal_thrift | Try-on attempt with engine=composite

============================================================
FREE VIRTUAL TRY-ON (No Paid APIs)
============================================================
[Step 1] Loading mannequin...
[Free Virtual Try-On] Error: 'charmap' codec can't encode character '\u2192' in position 2: character maps to <undefined>
11:25:49 | INFO    | nepal_thrift | POST /api/ai/tryon/compose -> 200 (919.7ms) [trace=311dfbd4afce]
11:25:50 | INFO    | nepal_thrift | Try-on attempt with engine=composite

============================================================
FREE VIRTUAL TRY-ON (No Paid APIs)
============================================================
[Step 1] Loading mannequin...
[Free Virtual Try-On] Error: 'charmap' codec can't encode character '\u2192' in position 2: character maps to <undefined>
11:25:50 | INFO    | nepal_thrift | POST /api/ai/tryon/compose -> 200 (61.1ms) [trace=63c3e349c143]
11:25:51 | INFO    | nepal_thrift | Try-on attempt with engine=composite

============================================================
FREE VIRTUAL TRY-ON (No Paid APIs)
============================================================
[Step 1] Loading mannequin...
[Free Virtual Try-On] Error: 'charmap' codec can't encode character '\u2192' in position 2: character maps to <undefined>
11:25:51 | INFO    | nepal_thrift | POST /api/ai/tryon/compose -> 200 (57.7ms) [trace=e8655b240751]
11:25:52 | INFO    | nepal_thrift | Try-on attempt with engine=composite

============================================================
FREE VIRTUAL TRY-ON (No Paid APIs)
============================================================
[Step 1] Loading mannequin...
[Free Virtual Try-On] Error: 'charmap' codec can't encode character '\u2192' in position 2: character maps to <undefined>
11:25:52 | INFO    | nepal_thrift | POST /api/ai/tryon/compose -> 200 (59.1ms) [trace=8e770e077700]
11:26:15 | INFO    | nepal_thrift | Try-on attempt with engine=composite

============================================================
FREE VIRTUAL TRY-ON (No Paid APIs)
============================================================
[Step 1] Loading mannequin...
[Free Virtual Try-On] Error: 'charmap' codec can't encode character '\u2192' in position 2: character maps to <undefined>
11:26:15 | INFO    | nepal_thrift | POST /api/ai/tryon/compose -> 200 (63.4ms) [trace=f1cc48f27501]
11:26:16 | INFO    | nepal_thrift | Try-on attempt with engine=composite

============================================================
FREE VIRTUAL TRY-ON (No Paid APIs)
============================================================
[Step 1] Loading mannequin...
[Free Virtual Try-On] Error: 'charmap' codec can't encode character '\u2192' in position 2: character maps to <undefined>
11:26:16 | INFO    | nepal_thrift | POST /api/ai/tryon/compose -> 200 (58.4ms) [trace=3eef2f751602]
11:26:17 | INFO    | nepal_thrift | Try-on attempt with engine=composite

============================================================
FREE VIRTUAL TRY-ON (No Paid APIs)
============================================================
[Step 1] Loading mannequin...
[Free Virtual Try-On] Error: 'charmap' codec can't encode character '\u2192' in position 2: character maps to <undefined>
11:26:17 | INFO    | nepal_thrift | POST /api/ai/tryon/compose -> 200 (57.9ms) [trace=83e35247ff7f]
11:26:18 | INFO    | nepal_thrift | Try-on attempt with engine=composite

============================================================
FREE VIRTUAL TRY-ON (No Paid APIs)
============================================================
[Step 1] Loading mannequin...
[Free Virtual Try-On] Error: 'charmap' codec can't encode character '\u2192' in position 2: character maps to <undefined>
11:26:18 | INFO    | nepal_thrift | POST /api/ai/tryon/compose -> 200 (78.0ms) [trace=c3d66e54822f]
11:26:18 | INFO    | nepal_thrift | Try-on attempt with engine=composite

============================================================
FREE VIRTUAL TRY-ON (No Paid APIs)
============================================================
[Step 1] Loading mannequin...
[Free Virtual Try-On] Error: 'charmap' codec can't encode character '\u2192' in position 2: character maps to <undefined>
11:26:18 | INFO    | nepal_thrift | POST /api/ai/tryon/compose -> 200 (74.2ms) [trace=d0b38c272aff]
11:26:18 | INFO    | nepal_thrift | Try-on attempt with engine=composite

============================================================
FREE VIRTUAL TRY-ON (No Paid APIs)
============================================================
[Step 1] Loading mannequin...
[Free Virtual Try-On] Error: 'charmap' codec can't encode character '\u2192' in position 2: character maps to <undefined>
11:26:18 | INFO    | nepal_thrift | POST /api/ai/tryon/compose -> 200 (56.3ms) [trace=97a07b540bb8]
11:26:18 | INFO    | nepal_thrift | Try-on attempt with engine=composite

============================================================
FREE VIRTUAL TRY-ON (No Paid APIs)
============================================================
[Step 1] Loading mannequin...
[Free Virtual Try-On] Error: 'charmap' codec can't encode character '\u2192' in position 2: character maps to <undefined>
11:26:18 | INFO    | nepal_thrift | POST /api/ai/tryon/compose -> 200 (57.7ms) [trace=e038d6dae634]
